[2021-12-26 09:32:12] Executing bootstrap tasks
[2021-12-26 09:32:12] OpenJDK Runtime Environment 17.0.1+12
[2021-12-26 09:32:12] Product org.eclipse.products.epp.package.java.2021-12
[2021-12-26 09:32:12] Bundle org.eclipse.oomph.setup 1.22.0.v20211015-0620, build=5278, branch=a397d5c292b0ea2e68079e5b704e713bfeb15d34
[2021-12-26 09:32:12] Bundle org.eclipse.oomph.setup.core 1.22.0.v20211021-1010, build=5278, branch=a397d5c292b0ea2e68079e5b704e713bfeb15d34
[2021-12-26 09:32:12] Bundle org.eclipse.oomph.setup.p2 1.17.0.v20210601-0619, build=5278, branch=a397d5c292b0ea2e68079e5b704e713bfeb15d34
[2021-12-26 09:32:12] Performing P2 Director (Eclipse IDE for Java Developers (2021-12) + JRE 17.0.1)
[2021-12-26 09:32:12] Offline = false
[2021-12-26 09:32:12] Mirrors = true
[2021-12-26 09:32:12] Resolving 18 requirements from 4 repositoriesto E:\03 Semester\Java\installs\java-2021-12\eclipse
[2021-12-26 09:32:12] Requirement org.eclipse.equinox.p2.iu:org.eclipse.justj.openjdk.hotspot.jre.full.feature.group (filter=(|(&(osgi.arch=aarch64)(osgi.os=linux))(&(osgi.arch=aarch64)(osgi.os=macosx))(&(osgi.arch=x86_64)(osgi.os=linux))(&(osgi.arch=x86_64)(osgi.os=macosx))(&(osgi.arch=x86_64)(osgi.os=win32))))
[2021-12-26 09:32:12] Requirement org.eclipse.equinox.p2.iu:epp.package.java [4.22.0,5.0.0) (filter=(|(&(osgi.arch=aarch64)(osgi.os=linux)(osgi.ws=gtk))(&(osgi.arch=aarch64)(osgi.os=macosx)(osgi.ws=cocoa))(&(osgi.arch=x86_64)(osgi.os=linux)(osgi.ws=gtk))(&(osgi.arch=x86_64)(osgi.os=macosx)(osgi.ws=cocoa))(&(osgi.arch=x86_64)(osgi.os=win32)(osgi.ws=win32))))
[2021-12-26 09:32:12] Requirement org.eclipse.equinox.p2.iu:org.eclipse.platform.feature.group [4.22.0,5.0.0)
[2021-12-26 09:32:12] Requirement org.eclipse.equinox.p2.iu:org.eclipse.rcp.feature.group [4.22.0,5.0.0)
[2021-12-26 09:32:12] Requirement org.eclipse.equinox.p2.iu:org.eclipse.buildship.feature.group
[2021-12-26 09:32:12] Requirement org.eclipse.equinox.p2.iu:org.eclipse.eclemma.feature.feature.group
[2021-12-26 09:32:12] Requirement org.eclipse.equinox.p2.iu:org.eclipse.egit.feature.group
[2021-12-26 09:32:12] Requirement org.eclipse.equinox.p2.iu:org.eclipse.epp.mpc.feature.group
[2021-12-26 09:32:12] Requirement org.eclipse.equinox.p2.iu:org.eclipse.jdt.feature.group
[2021-12-26 09:32:12] Requirement org.eclipse.equinox.p2.iu:org.eclipse.jgit.feature.group
[2021-12-26 09:32:12] Requirement org.eclipse.equinox.p2.iu:org.eclipse.m2e.feature.feature.group
[2021-12-26 09:32:12] Requirement org.eclipse.equinox.p2.iu:org.eclipse.m2e.lemminx.feature.feature.group
[2021-12-26 09:32:12] Requirement org.eclipse.equinox.p2.iu:org.eclipse.m2e.logback.feature.feature.group
[2021-12-26 09:32:12] Requirement org.eclipse.equinox.p2.iu:org.eclipse.mylyn.wikitext.editors_feature.feature.group
[2021-12-26 09:32:12] Requirement org.eclipse.equinox.p2.iu:org.eclipse.tips.feature.feature.group
[2021-12-26 09:32:12] Requirement org.eclipse.equinox.p2.iu:org.eclipse.tm.terminal.feature.feature.group
[2021-12-26 09:32:12] Requirement org.eclipse.equinox.p2.iu:org.eclipse.wildwebdeveloper.xml.feature.feature.group
[2021-12-26 09:32:12] Requirement org.eclipse.equinox.p2.iu:org.eclipse.oomph.setup.feature.group
[2021-12-26 09:32:12] Repository https://download.eclipse.org/justj/jres/17/updates/release/17.0.1
[2021-12-26 09:32:12] Repository https://download.eclipse.org/technology/epp/packages/2021-12/202112021200
[2021-12-26 09:32:12] Repository https://download.eclipse.org/releases/2021-12/202112081000
[2021-12-26 09:32:12] Repository https://download.eclipse.org/oomph/updates/milestone/latest
[2021-12-26 09:32:18] Calculating requirements and dependencies.
[2021-12-26 09:32:20] Computing prerequisite plan
[2021-12-26 09:32:26] Fetching artifacts.xml.xz from https://download.eclipse.org/justj/jres/17/updates/release/17.0.1/ (3.9kB)
[2021-12-26 09:32:31] Collecting 3 artifacts from https://download.eclipse.org/releases/2021-12/202112081000
[2021-12-26 09:32:32] Downloading org.eclipse.platform_root
[2021-12-26 09:32:32] Downloading org.eclipse.rcp_root
[2021-12-26 09:32:32] Downloading org.eclipse.platform.ide.executable.win32.win32.x86_64
[2021-12-26 09:32:32] Collected 3 artifacts for https://download.eclipse.org/releases/2021-12/202112081000 in 1.51s
[2021-12-26 09:32:32] Collecting 3 artifacts from https://download.eclipse.org/justj/jres/17/updates/release/17.0.1
[2021-12-26 09:32:34] Downloading org.eclipse.justj.openjdk.hotspot.jre.full
[2021-12-26 09:32:34] Downloading org.eclipse.justj.openjdk.hotspot.jre.full.win32.x86_64
[2021-12-26 09:32:36] Fetching org.eclipse.justj.openjdk.hotspot.jre.full.win32.x86_64_17.0.1.v20211116-1657.jar from https://ftp.yz.yamagata-u.ac.jp/pub/eclipse/justj/jres/17/updates/release/17.0.1/plugins/ (111.48MB)
[2021-12-26 09:32:36] Fetching org.eclipse.justj.openjdk.hotspot.jre.full_17.0.1.v20211116-1657.jar from https://ftp.jaist.ac.jp/pub/eclipse/justj/jres/17/updates/release/17.0.1/plugins/ (19.78kB)
[2021-12-26 09:32:36] Fetching org.eclipse.justj.openjdk.hotspot.jre.full_17.0.1.v20211116-1657.jar from https://mirror.kakao.com/eclipse/justj/jres/17/updates/release/17.0.1/features/ (21.46kB)
[2021-12-26 09:32:37] Fetching org.eclipse.justj.openjdk.hotspot.jre.full.win32.x86_64_17.0.1.v20211116-1657.jar from https://ftp.yz.yamagata-u.ac.jp/pub/eclipse/justj/jres/17/updates/release/17.0.1/plugins/
[2021-12-26 09:41:57] Mirrored 1 artifacts from https://ftp.yz.yamagata-u.ac.jp/pub/eclipse/justj/jres/17/updates/release/17.0.1/ at 211kb/s
[2021-12-26 09:41:57] Mirrored 1 artifacts from https://ftp.jaist.ac.jp/pub/eclipse/justj/jres/17/updates/release/17.0.1/ at 10kb/s
[2021-12-26 09:41:57] Mirrored 1 artifacts from https://mirror.kakao.com/eclipse/justj/jres/17/updates/release/17.0.1/ at 10kb/s
[2021-12-26 09:41:57] Collected 3 artifacts for https://download.eclipse.org/justj/jres/17/updates/release/17.0.1 in 564.856s
[2021-12-26 09:41:57] Collecting 1 artifacts from https://download.eclipse.org/technology/epp/packages/2021-12/202112021200
[2021-12-26 09:41:57] Downloading epp.package.java.executable.win32.win32.x86_64
[2021-12-26 09:41:57] Collected 1 artifacts for https://download.eclipse.org/technology/epp/packages/2021-12/202112021200 in 0s
[2021-12-26 09:42:53] Installing ch.qos.logback.classic [1.2.3.v20200428-2012]
[2021-12-26 09:42:53] Installing ch.qos.logback.core [1.2.3.v20200428-2012]
[2021-12-26 09:42:53] Installing ch.qos.logback.slf4j [1.2.3.v20200428-2012]
[2021-12-26 09:42:53] Installing com.google.gson [2.8.8.v20211029-0838]
[2021-12-26 09:42:53] Installing com.google.guava [27.1.0.v20190517-1946]
[2021-12-26 09:42:53] Installing com.ibm.icu [67.1.0.v20200706-1749]
[2021-12-26 09:42:53] Installing com.jcraft.jsch [0.1.55.v20190404-1902]
[2021-12-26 09:42:53] Installing com.mountainminds.eclemma.core [3.1.5.202109082215]
[2021-12-26 09:42:53] Installing com.sun.el [2.2.0.v201303151357]
[2021-12-26 09:42:53] Installing com.sun.jna [5.8.0.v20210503-0343]
[2021-12-26 09:42:53] Installing com.sun.jna.platform [5.8.0.v20210406-1004]
[2021-12-26 09:42:53] Installing com.sun.xml.bind [2.2.0.v20201118-1845]
[2021-12-26 09:42:53] Installing epp.package.java [4.22.0.20211202-1200]
[2021-12-26 09:42:53] Installing epp.package.java.executable.win32.win32.x86_64 [4.22.0.20211202-1200]
[2021-12-26 09:42:53] Installing epp.package.java.executable.win32.win32.x86_64.eclipse [4.22.0.20211202-1200]
[2021-12-26 09:42:53] Installing jakarta.servlet-api [4.0.0]
[2021-12-26 09:42:53] Installing jakarta.xml.bind [2.3.3.v20201118-1818]
[2021-12-26 09:42:53] Installing javaewah [1.1.13.v20211029-0839]
[2021-12-26 09:42:53] Installing javax.activation [1.1.0.v201211130549]
[2021-12-26 09:42:53] Installing javax.annotation [1.3.5.v20200909-1856]
[2021-12-26 09:42:53] Installing javax.el [2.2.0.v201303151357]
[2021-12-26 09:42:53] Installing javax.inject [1.0.0.v20091030]
[2021-12-26 09:42:53] Installing javax.servlet.jsp [2.2.0.v201112011158]
[2021-12-26 09:42:53] Installing javax.xml [1.3.4.v201005080400]
[2021-12-26 09:42:53] Installing javax.xml.bind [2.2.0.v201105210648]
[2021-12-26 09:42:53] Installing net.i2p.crypto.eddsa [0.3.0.v20210923-1401]
[2021-12-26 09:42:53] Installing org.apache.ant [1.10.12.v20211102-1452]
[2021-12-26 09:42:53] Installing org.apache.batik.constants [1.14.0.v20210324-0332]
[2021-12-26 09:42:53] Installing org.apache.batik.css [1.14.0.v20210324-0332]
[2021-12-26 09:42:53] Installing org.apache.batik.i18n [1.14.0.v20210324-0332]
[2021-12-26 09:42:53] Installing org.apache.batik.util [1.14.0.v20210324-0332]
[2021-12-26 09:42:53] Installing org.apache.commons.codec [1.14.0.v20200818-1422]
[2021-12-26 09:42:53] Installing org.apache.commons.compress [1.21.0.v20211103-2100]
[2021-12-26 09:42:53] Installing org.apache.commons.io [2.8.0.v20210415-0900]
[2021-12-26 09:42:53] Installing org.apache.commons.jxpath [1.3.0.v200911051830]
[2021-12-26 09:42:53] Installing org.apache.commons.logging [1.2.0.v20180409-1502]
[2021-12-26 09:42:53] Installing org.apache.felix.gogo.command [1.1.2.v20210111-1007]
[2021-12-26 09:42:53] Installing org.apache.felix.gogo.runtime [1.1.4.v20210111-1007]
[2021-12-26 09:42:53] Installing org.apache.felix.gogo.shell [1.1.4.v20210111-1007]
[2021-12-26 09:42:53] Installing org.apache.felix.scr [2.1.24.v20200924-1939]
[2021-12-26 09:42:53] Installing org.apache.httpcomponents.httpclient [4.5.13.v20210128-2225]
[2021-12-26 09:42:53] Installing org.apache.httpcomponents.httpclient.win [4.5.13.v20210128-2225]
[2021-12-26 09:42:53] Installing org.apache.httpcomponents.httpcore [4.4.14.v20210128-2225]
[2021-12-26 09:42:53] Installing org.apache.jasper.glassfish [2.2.2.v201501141630]
[2021-12-26 09:42:53] Installing org.apache.lucene.analyzers-common [8.4.1.v20200122-1459]
[2021-12-26 09:42:53] Installing org.apache.lucene.analyzers-smartcn [8.4.1.v20200122-1459]
[2021-12-26 09:42:53] Installing org.apache.lucene.core [8.4.1.v20200122-1459]
[2021-12-26 09:42:53] Installing org.apache.sshd.osgi [2.7.0.v20210623-0618]
[2021-12-26 09:42:54] Installing org.apache.sshd.sftp [2.7.0.v20210623-0618]
[2021-12-26 09:42:54] Installing org.apache.xerces [2.12.1.v20210115-0812]
[2021-12-26 09:42:54] Installing org.apache.xml.resolver [1.2.0.v201005080400]
[2021-12-26 09:42:54] Installing org.apache.xmlgraphics [2.6.0.v20210409-0748]
[2021-12-26 09:42:54] Installing org.apiguardian [1.1.2.v20211018-1956]
[2021-12-26 09:42:54] Installing org.bouncycastle.bcpg [1.69.0.v20210713-1924]
[2021-12-26 09:42:54] Installing org.bouncycastle.bcprov [1.69.0.v20210923-1401]
[2021-12-26 09:42:54] Installing org.eclipse.ant.core [3.6.200.v20210907-1007]
[2021-12-26 09:42:54] Installing org.eclipse.ant.launching [1.3.100.v20211011-0944]
[2021-12-26 09:42:54] Installing org.eclipse.ant.ui [3.8.100.v20211011-0944]
[2021-12-26 09:42:54] Installing org.eclipse.buildship.branding [3.1.5.v20210113-0929]
[2021-12-26 09:42:54] Installing org.eclipse.buildship.core [3.1.5.v20210113-0929]
[2021-12-26 09:42:54] Installing org.eclipse.buildship.feature.group [3.1.5.v20210113-0929]
[2021-12-26 09:42:54] Installing org.eclipse.buildship.feature.jar [3.1.5.v20210113-0929]
[2021-12-26 09:42:54] Installing org.eclipse.buildship.stsmigration [3.1.5.v20210113-0929]
[2021-12-26 09:42:54] Installing org.eclipse.buildship.ui [3.1.5.v20210113-0929]
[2021-12-26 09:42:54] Installing org.eclipse.cdt.core.native [6.2.0.202111152032]
[2021-12-26 09:42:54] Installing org.eclipse.cdt.core.win32 [6.0.200.202102030214]
[2021-12-26 09:42:54] Installing org.eclipse.cdt.core.win32.x86_64 [6.0.400.202112012329]
[2021-12-26 09:42:54] Installing org.eclipse.compare [3.8.200.v20210910-1335]
[2021-12-26 09:42:54] Installing org.eclipse.compare.core [3.6.1000.v20201020-1107]
[2021-12-26 09:42:54] Installing org.eclipse.compare.win32 [1.2.800.v20200127-1343]
[2021-12-26 09:42:54] Installing org.eclipse.core.commands [3.10.100.v20210722-1426]
[2021-12-26 09:42:54] Installing org.eclipse.core.contenttype [3.8.100.v20210910-0640]
[2021-12-26 09:42:54] Installing org.eclipse.core.databinding [1.10.100.v20200926-1123]
[2021-12-26 09:42:54] Installing org.eclipse.core.databinding.beans [1.8.0.v20210619-1111]
[2021-12-26 09:42:54] Installing org.eclipse.core.databinding.observable [1.11.0.v20210722-1426]
[2021-12-26 09:42:54] Installing org.eclipse.core.databinding.property [1.9.0.v20210619-1129]
[2021-12-26 09:42:54] Installing org.eclipse.core.expressions [3.8.100.v20210910-0640]
[2021-12-26 09:42:54] Installing org.eclipse.core.externaltools [1.2.100.v20210812-1118]
[2021-12-26 09:42:54] Installing org.eclipse.core.filebuffers [3.7.100.v20210909-1906]
[2021-12-26 09:42:54] Installing org.eclipse.core.filesystem [1.9.200.v20210912-1851]
[2021-12-26 09:42:54] Installing org.eclipse.core.filesystem.win32.x86_64 [1.4.200.v20190812-0909]
[2021-12-26 09:42:54] Installing org.eclipse.core.jobs [3.12.0.v20210723-1034]
[2021-12-26 09:42:54] Installing org.eclipse.core.net [1.3.1100.v20210424-0724]
[2021-12-26 09:42:54] Installing org.eclipse.core.net.win32.x86_64 [1.1.500.v20190925-1337]
[2021-12-26 09:42:54] Installing org.eclipse.core.resources [3.16.0.v20211001-2032]
[2021-12-26 09:42:54] Installing org.eclipse.core.resources.win32.x86_64 [3.5.400.v20190812-0909]
[2021-12-26 09:42:54] Installing org.eclipse.core.runtime [3.24.0.v20210910-0750]
[2021-12-26 09:42:54] Installing org.eclipse.core.variables [3.5.100.v20210721-1355]
[2021-12-26 09:42:54] Installing org.eclipse.debug.core [3.18.300.v20211117-1829]
[2021-12-26 09:42:54] Installing org.eclipse.debug.ui [3.15.200.v20211108-1752]
[2021-12-26 09:42:54] Installing org.eclipse.debug.ui.launchview [1.0.2.v20211115-1052]
[2021-12-26 09:42:54] Installing org.eclipse.e4.core.commands [1.0.0.v20210507-1901]
[2021-12-26 09:42:54] Installing org.eclipse.e4.core.contexts [1.9.100.v20211011-1349]
[2021-12-26 09:42:54] Installing org.eclipse.e4.core.di [1.8.100.v20210910-0640]
[2021-12-26 09:42:54] Installing org.eclipse.e4.core.di.annotations [1.7.100.v20210910-0640]
[2021-12-26 09:42:54] Installing org.eclipse.e4.core.di.extensions [0.17.100.v20210910-0640]
[2021-12-26 09:42:54] Installing org.eclipse.e4.core.di.extensions.supplier [0.16.200.v20210910-0640]
[2021-12-26 09:42:54] Installing org.eclipse.e4.core.services [2.3.100.v20210910-0640]
[2021-12-26 09:42:54] Installing org.eclipse.e4.emf.xpath [0.3.0.v20210722-1426]
[2021-12-26 09:42:54] Installing org.eclipse.e4.rcp.feature.group [4.22.0.v20211123-0851]
[2021-12-26 09:42:54] Installing org.eclipse.e4.rcp.feature.jar [4.22.0.v20211123-0851]
[2021-12-26 09:42:54] Installing org.eclipse.e4.ui.bindings [0.13.100.v20210722-1426]
[2021-12-26 09:42:54] Installing org.eclipse.e4.ui.css.core [0.13.200.v20211022-1402]
[2021-12-26 09:42:54] Installing org.eclipse.e4.ui.css.swt [0.14.400.v20211026-1534]
[2021-12-26 09:42:54] Installing org.eclipse.e4.ui.css.swt.theme [0.13.0.v20201026-1147]
[2021-12-26 09:42:54] Installing org.eclipse.e4.ui.di [1.4.0.v20210621-1133]
[2021-12-26 09:42:54] Installing org.eclipse.e4.ui.dialogs [1.3.100.v20211103-1334]
[2021-12-26 09:42:54] Installing org.eclipse.e4.ui.ide [3.16.0.v20210625-1251]
[2021-12-26 09:42:54] Installing org.eclipse.e4.ui.model.workbench [2.2.0.v20210727-1533]
[2021-12-26 09:42:54] Installing org.eclipse.e4.ui.services [1.5.0.v20210115-1333]
[2021-12-26 09:42:54] Installing org.eclipse.e4.ui.swt.win32 [1.1.0.v20201119-1132]
[2021-12-26 09:42:54] Installing org.eclipse.e4.ui.widgets [1.3.0.v20210621-1136]
[2021-12-26 09:42:54] Installing org.eclipse.e4.ui.workbench [1.13.100.v20211019-0756]
[2021-12-26 09:42:54] Installing org.eclipse.e4.ui.workbench.addons.swt [1.4.400.v20211102-0453]
[2021-12-26 09:42:54] Installing org.eclipse.e4.ui.workbench.renderers.swt [0.15.300.v20211102-1716]
[2021-12-26 09:42:54] Installing org.eclipse.e4.ui.workbench.swt [0.16.300.v20211102-0939]
[2021-12-26 09:42:54] Installing org.eclipse.e4.ui.workbench3 [0.16.0.v20210619-0956]
[2021-12-26 09:42:54] Installing org.eclipse.ecf [3.10.0.v20210925-0032]
[2021-12-26 09:42:54] Installing org.eclipse.ecf.core.feature.feature.group [1.6.1.v20211005-1944]
[2021-12-26 09:42:54] Installing org.eclipse.ecf.core.feature.feature.jar [1.6.1.v20211005-1944]
[2021-12-26 09:42:54] Installing org.eclipse.ecf.core.ssl.feature.feature.group [1.1.501.v20210409-2301]
[2021-12-26 09:42:54] Installing org.eclipse.ecf.core.ssl.feature.feature.jar [1.1.501.v20210409-2301]
[2021-12-26 09:42:54] Installing org.eclipse.ecf.filetransfer [5.1.102.v20210409-2301]
[2021-12-26 09:42:54] Installing org.eclipse.ecf.filetransfer.feature.feature.group [3.14.1800.v20210618-0642]
[2021-12-26 09:42:54] Installing org.eclipse.ecf.filetransfer.feature.feature.jar [3.14.1800.v20210618-0642]
[2021-12-26 09:42:54] Installing org.eclipse.ecf.filetransfer.httpclient45.feature.feature.group [1.1.0.v20211008-2034]
[2021-12-26 09:42:54] Installing org.eclipse.ecf.filetransfer.httpclient45.feature.feature.jar [1.1.0.v20211008-2034]
[2021-12-26 09:42:54] Installing org.eclipse.ecf.filetransfer.ssl.feature.feature.group [1.1.401.v20210409-2301]
[2021-12-26 09:42:54] Installing org.eclipse.ecf.filetransfer.ssl.feature.feature.jar [1.1.401.v20210409-2301]
[2021-12-26 09:42:54] Installing org.eclipse.ecf.identity [3.9.402.v20210409-2301]
[2021-12-26 09:42:54] Installing org.eclipse.ecf.provider.filetransfer [3.2.700.v20210618-0642]
[2021-12-26 09:42:54] Installing org.eclipse.ecf.provider.filetransfer.httpclient45 [1.0.401.v20210512-0614]
[2021-12-26 09:42:54] Installing org.eclipse.ecf.provider.filetransfer.httpclient45.win32 [1.0.400.v20210410-0052]
[2021-12-26 09:42:54] Installing org.eclipse.ecf.provider.filetransfer.ssl [1.0.201.v20210409-2301]
[2021-12-26 09:42:54] Installing org.eclipse.ecf.ssl [1.2.401.v20210409-2301]
[2021-12-26 09:42:54] Installing org.eclipse.eclemma.core [3.1.5.202109082215]
[2021-12-26 09:42:54] Installing org.eclipse.eclemma.doc [3.1.5.202109082215]
[2021-12-26 09:42:54] Installing org.eclipse.eclemma.feature.feature.group [3.1.5.202109082215]
[2021-12-26 09:42:54] Installing org.eclipse.eclemma.feature.feature.jar [3.1.5.202109082215]
[2021-12-26 09:42:54] Installing org.eclipse.eclemma.ui [3.1.5.202109082215]
[2021-12-26 09:42:54] Installing org.eclipse.egit [6.0.0.202111291000-r]
[2021-12-26 09:42:54] Installing org.eclipse.egit.core [6.0.0.202111291000-r]
[2021-12-26 09:42:54] Installing org.eclipse.egit.doc [6.0.0.202111291000-r]
[2021-12-26 09:42:54] Installing org.eclipse.egit.feature.group [6.0.0.202111291000-r]
[2021-12-26 09:42:54] Installing org.eclipse.egit.feature.jar [6.0.0.202111291000-r]
[2021-12-26 09:42:54] Installing org.eclipse.egit.ui [6.0.0.202111291000-r]
[2021-12-26 09:42:54] Installing org.eclipse.emf.common [2.23.0.v20210924-1718]
[2021-12-26 09:42:54] Installing org.eclipse.emf.common.feature.group [2.24.0.v20210924-1718]
[2021-12-26 09:42:54] Installing org.eclipse.emf.common.feature.jar [2.24.0.v20210924-1718]
[2021-12-26 09:42:54] Installing org.eclipse.emf.common.ui [2.19.0.v20211110-0654]
[2021-12-26 09:42:54] Installing org.eclipse.emf.ecore [2.25.0.v20210816-0937]
[2021-12-26 09:42:54] Installing org.eclipse.emf.ecore.change [2.14.0.v20190528-0725]
[2021-12-26 09:42:54] Installing org.eclipse.emf.ecore.edit [2.13.0.v20190822-1451]
[2021-12-26 09:42:54] Installing org.eclipse.emf.ecore.feature.group [2.26.0.v20210924-1718]
[2021-12-26 09:42:54] Installing org.eclipse.emf.ecore.feature.jar [2.26.0.v20210924-1718]
[2021-12-26 09:42:54] Installing org.eclipse.emf.ecore.xmi [2.16.0.v20190528-0725]
[2021-12-26 09:42:54] Installing org.eclipse.emf.edit [2.16.0.v20190920-0401]
[2021-12-26 09:42:54] Installing org.eclipse.emf.edit.ui [2.20.0.v20210506-1232]
[2021-12-26 09:42:54] Installing org.eclipse.epp.mpc.core [1.9.2.v20210823-1346]
[2021-12-26 09:42:54] Installing org.eclipse.epp.mpc.core.win32 [1.9.2.v20210823-1346]
[2021-12-26 09:42:54] Installing org.eclipse.epp.mpc.feature.group [1.9.2.v20210826-0851]
[2021-12-26 09:42:54] Installing org.eclipse.epp.mpc.feature.jar [1.9.2.v20210826-0851]
[2021-12-26 09:42:54] Installing org.eclipse.epp.mpc.help.ui [1.9.2.v20210823-1346]
[2021-12-26 09:42:54] Installing org.eclipse.epp.mpc.ui [1.9.2.v20210826-0851]
[2021-12-26 09:42:54] Installing org.eclipse.epp.mpc.ui.css [1.9.2.v20210823-1346]
[2021-12-26 09:42:54] Installing org.eclipse.epp.package.common [4.22.0.20211202-1200]
[2021-12-26 09:42:54] Installing org.eclipse.epp.package.common.feature.feature.group [4.22.0.20211202-1200]
[2021-12-26 09:42:54] Installing org.eclipse.epp.package.common.feature.feature.jar [4.22.0.20211202-1200]
[2021-12-26 09:42:54] Installing org.eclipse.epp.package.java [4.22.0.20211202-1200]
[2021-12-26 09:42:54] Installing org.eclipse.epp.package.java.feature.feature.group [4.22.0.20211202-1200]
[2021-12-26 09:42:54] Installing org.eclipse.epp.package.java.feature.feature.jar [4.22.0.20211202-1200]
[2021-12-26 09:42:54] Installing org.eclipse.equinox.app [1.6.100.v20211021-1418]
[2021-12-26 09:42:54] Installing org.eclipse.equinox.bidi [1.4.100.v20211021-1418]
[2021-12-26 09:42:54] Installing org.eclipse.equinox.common [3.15.100.v20211021-1418]
[2021-12-26 09:42:54] Installing org.eclipse.equinox.concurrent [1.2.100.v20211021-1418]
[2021-12-26 09:42:54] Installing org.eclipse.equinox.console [1.4.500.v20211021-1418]
[2021-12-26 09:42:54] Installing org.eclipse.equinox.event [1.6.100.v20211021-1418]
[2021-12-26 09:42:54] Installing org.eclipse.equinox.frameworkadmin [2.2.0.v20210315-2042]
[2021-12-26 09:42:54] Installing org.eclipse.equinox.frameworkadmin.equinox [1.2.100.v20210703-1540]
[2021-12-26 09:42:54] Installing org.eclipse.equinox.http.jetty [3.8.100.v20211021-1418]
[2021-12-26 09:42:54] Installing org.eclipse.equinox.http.registry [1.3.100.v20211021-1418]
[2021-12-26 09:42:54] Installing org.eclipse.equinox.http.servlet [1.7.200.v20211021-1418]
[2021-12-26 09:42:54] Installing org.eclipse.equinox.jsp.jasper [1.1.600.v20211021-1418]
[2021-12-26 09:42:54] Installing org.eclipse.equinox.jsp.jasper.registry [1.2.100.v20211021-1418]
[2021-12-26 09:42:54] Installing org.eclipse.equinox.launcher [1.6.400.v20210924-0641]
[2021-12-26 09:42:54] Installing org.eclipse.equinox.launcher.win32.win32.x86_64 [1.2.400.v20211117-0650]
[2021-12-26 09:42:54] Installing org.eclipse.equinox.p2.artifact.repository [1.4.300.v20211104-1311]
[2021-12-26 09:42:54] Installing org.eclipse.equinox.p2.console [1.2.0.v20210315-2042]
[2021-12-26 09:42:54] Installing org.eclipse.equinox.p2.core [2.8.100.v20210908-0659]
[2021-12-26 09:42:54] Installing org.eclipse.equinox.p2.core.feature.feature.group [1.6.1200.v20211104-1616]
[2021-12-26 09:42:54] Installing org.eclipse.equinox.p2.core.feature.feature.jar [1.6.1200.v20211104-1616]
[2021-12-26 09:42:54] Installing org.eclipse.equinox.p2.director [2.5.100.v20210813-0606]
[2021-12-26 09:42:54] Installing org.eclipse.equinox.p2.director.app [1.2.0.v20210315-2042]
[2021-12-26 09:42:54] Installing org.eclipse.equinox.p2.directorywatcher [1.3.0.v20210316-1209]
[2021-12-26 09:42:54] Installing org.eclipse.equinox.p2.discovery [1.2.0.v20210315-2042]
[2021-12-26 09:42:54] Installing org.eclipse.equinox.p2.discovery.compatibility [1.2.100.v20210316-1209]
[2021-12-26 09:42:54] Installing org.eclipse.equinox.p2.discovery.feature.feature.group [1.2.1000.v20210813-0655]
[2021-12-26 09:42:54] Installing org.eclipse.equinox.p2.discovery.feature.feature.jar [1.2.1000.v20210813-0655]
[2021-12-26 09:42:54] Installing org.eclipse.equinox.p2.engine [2.7.200.v20211104-1616]
[2021-12-26 09:42:54] Installing org.eclipse.equinox.p2.extensionlocation [1.4.0.v20210316-1209]
[2021-12-26 09:42:54] Installing org.eclipse.equinox.p2.extras.feature.feature.group [1.4.1400.v20211104-1616]
[2021-12-26 09:42:54] Installing org.eclipse.equinox.p2.extras.feature.feature.jar [1.4.1400.v20211104-1616]
[2021-12-26 09:42:54] Installing org.eclipse.equinox.p2.garbagecollector [1.2.0.v20210316-1209]
[2021-12-26 09:42:54] Installing org.eclipse.equinox.p2.jarprocessor [1.2.100.v20210907-0854]
[2021-12-26 09:42:54] Installing org.eclipse.equinox.p2.metadata [2.6.100.v20210813-0606]
[2021-12-26 09:42:54] Installing org.eclipse.equinox.p2.metadata.repository [1.4.0.v20210315-2228]
[2021-12-26 09:42:54] Installing org.eclipse.equinox.p2.operations [2.6.0.v20210315-2228]
[2021-12-26 09:42:54] Installing org.eclipse.equinox.p2.publisher [1.6.200.v20211013-0600]
[2021-12-26 09:42:54] Installing org.eclipse.equinox.p2.publisher.eclipse [1.4.1.v20210812-1422]
[2021-12-26 09:42:54] Installing org.eclipse.equinox.p2.rcp.feature.feature.group [1.4.1400.v20211104-1616]
[2021-12-26 09:42:54] Installing org.eclipse.equinox.p2.rcp.feature.feature.jar [1.4.1400.v20211104-1616]
[2021-12-26 09:42:54] Installing org.eclipse.equinox.p2.reconciler.dropins [1.4.0.v20210312-1245]
[2021-12-26 09:42:54] Installing org.eclipse.equinox.p2.repository [2.5.300.v20211006-1229]
[2021-12-26 09:42:54] Installing org.eclipse.equinox.p2.repository.tools [2.3.0.v20210325-0750]
[2021-12-26 09:42:54] Installing org.eclipse.equinox.p2.touchpoint.eclipse [2.3.100.v20210615-1334]
[2021-12-26 09:42:54] Installing org.eclipse.equinox.p2.touchpoint.natives [1.4.200.v20211018-0955]
[2021-12-26 09:42:54] Installing org.eclipse.equinox.p2.transport.ecf [1.3.200.v20210613-1953]
[2021-12-26 09:42:54] Installing org.eclipse.equinox.p2.ui [2.7.300.v20211104-1311]
[2021-12-26 09:42:54] Installing org.eclipse.equinox.p2.ui.discovery [1.2.300.v20210813-0655]
[2021-12-26 09:42:54] Installing org.eclipse.equinox.p2.ui.importexport [1.3.200.v20210813-0818]
[2021-12-26 09:42:54] Installing org.eclipse.equinox.p2.ui.sdk [1.2.2.v20211104-1616]
[2021-12-26 09:42:54] Installing org.eclipse.equinox.p2.ui.sdk.scheduler [1.5.200.v20210813-0818]
[2021-12-26 09:42:54] Installing org.eclipse.equinox.p2.updatechecker [1.3.0.v20210315-2228]
[2021-12-26 09:42:54] Installing org.eclipse.equinox.p2.updatesite [1.2.200.v20211013-0600]
[2021-12-26 09:42:54] Installing org.eclipse.equinox.p2.user.ui.feature.group [2.4.1400.v20211104-1616]
[2021-12-26 09:42:54] Installing org.eclipse.equinox.p2.user.ui.feature.jar [2.4.1400.v20211104-1616]
[2021-12-26 09:42:54] Installing org.eclipse.equinox.preferences [3.9.100.v20211021-1418]
[2021-12-26 09:42:54] Installing org.eclipse.equinox.registry [3.11.100.v20211021-1418]
[2021-12-26 09:42:54] Installing org.eclipse.equinox.security [1.3.800.v20211021-1418]
[2021-12-26 09:42:54] Installing org.eclipse.equinox.security.ui [1.3.100.v20211021-1418]
[2021-12-26 09:42:54] Installing org.eclipse.equinox.security.win32.x86_64 [1.1.300.v20211021-1418]
[2021-12-26 09:42:54] Installing org.eclipse.equinox.simpleconfigurator [1.4.0.v20210315-2228]
[2021-12-26 09:42:54] Installing org.eclipse.equinox.simpleconfigurator.manipulator [2.2.0.v20210315-2228]
[2021-12-26 09:42:54] Installing org.eclipse.help [3.9.100.v20210721-0601]
[2021-12-26 09:42:54] Installing org.eclipse.help.base [4.3.500.v20211124-1800]
[2021-12-26 09:42:54] Installing org.eclipse.help.feature.group [2.3.800.v20211124-1800]
[2021-12-26 09:42:54] Installing org.eclipse.help.feature.jar [2.3.800.v20211124-1800]
[2021-12-26 09:42:54] Installing org.eclipse.help.ui [4.3.200.v20210922-1029]
[2021-12-26 09:42:54] Installing org.eclipse.help.webapp [3.10.500.v20210907-0721]
[2021-12-26 09:42:54] Installing org.eclipse.jdt [3.18.1000.v20211124-1800]
[2021-12-26 09:42:54] Installing org.eclipse.jdt.annotation [2.2.600.v20200408-1511]
[2021-12-26 09:42:54] Installing org.eclipse.jdt.apt.core [3.7.50.v20210914-1429]
[2021-12-26 09:42:54] Installing org.eclipse.jdt.apt.pluggable.core [1.3.0.v20210618-1653]
[2021-12-26 09:42:54] Installing org.eclipse.jdt.apt.ui [3.7.0.v20210620-1751]
[2021-12-26 09:42:54] Installing org.eclipse.jdt.compiler.apt [1.4.50.v20210914-1429]
[2021-12-26 09:42:54] Installing org.eclipse.jdt.compiler.tool [1.3.50.v20210925-0955]
[2021-12-26 09:42:54] Installing org.eclipse.jdt.core [3.28.0.v20211117-1416]
[2021-12-26 09:42:54] Installing org.eclipse.jdt.core.formatterapp [1.1.0.v20210618-1653]
[2021-12-26 09:42:54] Installing org.eclipse.jdt.core.manipulation [1.15.100.v20211115-1252]
[2021-12-26 09:42:54] Installing org.eclipse.jdt.debug [3.19.0.v20211112-1303]
[2021-12-26 09:42:54] Installing org.eclipse.jdt.debug.ui [3.12.500.v20211108-1545]
[2021-12-26 09:42:54] Installing org.eclipse.jdt.doc.user [3.15.1200.v20211124-1019]
[2021-12-26 09:42:54] Installing org.eclipse.jdt.feature.group [3.18.1000.v20211124-1800]
[2021-12-26 09:42:54] Installing org.eclipse.jdt.feature.jar [3.18.1000.v20211124-1800]
[2021-12-26 09:42:54] Installing org.eclipse.jdt.junit [3.13.0.v20210811-0812]
[2021-12-26 09:42:54] Installing org.eclipse.jdt.junit.core [3.11.100.v20211112-1026]
[2021-12-26 09:42:54] Installing org.eclipse.jdt.junit.runtime [3.6.100.v20210708-1502]
[2021-12-26 09:42:54] Installing org.eclipse.jdt.junit4.runtime [1.2.0.v20210326-1251]
[2021-12-26 09:42:54] Installing org.eclipse.jdt.junit5.runtime [1.0.1400.v20211108-0640]
[2021-12-26 09:42:54] Installing org.eclipse.jdt.launching [3.19.400.v20211011-0920]
[2021-12-26 09:42:54] Installing org.eclipse.jdt.ui [3.25.0.v20211115-1252]
[2021-12-26 09:42:54] Installing org.eclipse.jetty.http [10.0.6]
[2021-12-26 09:42:54] Installing org.eclipse.jetty.io [10.0.6]
[2021-12-26 09:42:54] Installing org.eclipse.jetty.security [10.0.6]
[2021-12-26 09:42:54] Installing org.eclipse.jetty.server [10.0.6]
[2021-12-26 09:42:54] Installing org.eclipse.jetty.servlet [10.0.6]
[2021-12-26 09:42:54] Installing org.eclipse.jetty.util [10.0.6]
[2021-12-26 09:42:54] Installing org.eclipse.jetty.util.ajax [10.0.6]
[2021-12-26 09:42:54] Installing org.eclipse.jface [3.24.0.v20211110-1517]
[2021-12-26 09:42:54] Installing org.eclipse.jface.databinding [1.13.0.v20210619-1146]
[2021-12-26 09:42:54] Installing org.eclipse.jface.notifications [0.4.0.v20211004-0555]
[2021-12-26 09:42:54] Installing org.eclipse.jface.text [3.19.0.v20211026-2100]
[2021-12-26 09:42:54] Installing org.eclipse.jgit [6.0.0.202111291000-r]
[2021-12-26 09:42:54] Installing org.eclipse.jgit.archive [6.0.0.202111291000-r]
[2021-12-26 09:42:54] Installing org.eclipse.jgit.feature.group [6.0.0.202111291000-r]
[2021-12-26 09:42:54] Installing org.eclipse.jgit.feature.jar [6.0.0.202111291000-r]
[2021-12-26 09:42:54] Installing org.eclipse.jgit.gpg.bc [6.0.0.202111291000-r]
[2021-12-26 09:42:54] Installing org.eclipse.jgit.gpg.bc.feature.group [6.0.0.202111291000-r]
[2021-12-26 09:42:54] Installing org.eclipse.jgit.gpg.bc.feature.jar [6.0.0.202111291000-r]
[2021-12-26 09:42:54] Installing org.eclipse.jgit.http.apache [6.0.0.202111291000-r]
[2021-12-26 09:42:54] Installing org.eclipse.jgit.http.apache.feature.group [6.0.0.202111291000-r]
[2021-12-26 09:42:54] Installing org.eclipse.jgit.http.apache.feature.jar [6.0.0.202111291000-r]
[2021-12-26 09:42:54] Installing org.eclipse.jgit.ssh.apache [6.0.0.202111291000-r]
[2021-12-26 09:42:54] Installing org.eclipse.jgit.ssh.apache.agent [6.0.0.202111291000-r]
[2021-12-26 09:42:54] Installing org.eclipse.jgit.ssh.apache.feature.group [6.0.0.202111291000-r]
[2021-12-26 09:42:54] Installing org.eclipse.jgit.ssh.apache.feature.jar [6.0.0.202111291000-r]
[2021-12-26 09:42:54] Installing org.eclipse.jsch.core [1.3.900.v20200422-1935]
[2021-12-26 09:42:54] Installing org.eclipse.jsch.ui [1.4.100.v20210917-1201]
[2021-12-26 09:42:54] Installing org.eclipse.justj.openjdk.hotspot.jre.full [17.0.1.v20211116-1657]
[2021-12-26 09:42:54] Installing org.eclipse.justj.openjdk.hotspot.jre.full.feature.group [17.0.1.v20211116-1657]
[2021-12-26 09:42:54] Installing org.eclipse.justj.openjdk.hotspot.jre.full.feature.jar [17.0.1.v20211116-1657]
[2021-12-26 09:42:54] Installing org.eclipse.justj.openjdk.hotspot.jre.full.win32.x86_64 [17.0.1.v20211116-1657]
[2021-12-26 09:42:54] Installing org.eclipse.lsp4e [0.13.8.202111241523]
[2021-12-26 09:42:54] Installing org.eclipse.lsp4j [0.12.0.v20210402-1305]
[2021-12-26 09:42:54] Installing org.eclipse.lsp4j.jsonrpc [0.12.0.v20210402-1305]
[2021-12-26 09:42:54] Installing org.eclipse.ltk.core.refactoring [3.12.100.v20210926-1112]
[2021-12-26 09:42:54] Installing org.eclipse.ltk.ui.refactoring [3.12.0.v20210618-1953]
[2021-12-26 09:42:54] Installing org.eclipse.m2e.archetype.common [1.18.1.20211011-2139]
[2021-12-26 09:42:54] Installing org.eclipse.m2e.binaryproject [1.17.4.20211002-1029]
[2021-12-26 09:42:54] Installing org.eclipse.m2e.binaryproject.ui [1.18.1.20210610-0713]
[2021-12-26 09:42:54] Installing org.eclipse.m2e.core [1.18.3.20211018-0804]
[2021-12-26 09:42:54] Installing org.eclipse.m2e.core.ui [1.18.2.20211002-1029]
[2021-12-26 09:42:54] Installing org.eclipse.m2e.discovery [1.18.1.20211002-1029]
[2021-12-26 09:42:54] Installing org.eclipse.m2e.editor [1.18.2.20211002-1029]
[2021-12-26 09:42:54] Installing org.eclipse.m2e.editor.lemminx [1.18.3.20211116-0804]
[2021-12-26 09:42:54] Installing org.eclipse.m2e.feature.feature.group [1.19.0.20211116-0804]
[2021-12-26 09:42:54] Installing org.eclipse.m2e.feature.feature.jar [1.19.0.20211116-0804]
[2021-12-26 09:42:54] Installing org.eclipse.m2e.importer [1.17.3.20211002-1029]
[2021-12-26 09:42:54] Installing org.eclipse.m2e.jdt [1.18.3.20211112-0847]
[2021-12-26 09:42:54] Installing org.eclipse.m2e.jdt.ui [1.17.2.20210603-1006]
[2021-12-26 09:42:54] Installing org.eclipse.m2e.launching [1.17.4.20211002-1029]
[2021-12-26 09:42:54] Installing org.eclipse.m2e.lemminx.feature.feature.group [1.18.3.20211116-0804]
[2021-12-26 09:42:54] Installing org.eclipse.m2e.lemminx.feature.feature.jar [1.18.3.20211116-0804]
[2021-12-26 09:42:54] Installing org.eclipse.m2e.lifecyclemapping.defaults [1.17.1.20210115-1536]
[2021-12-26 09:42:54] Installing org.eclipse.m2e.logback.appender [1.17.2.20211002-0721]
[2021-12-26 09:42:54] Installing org.eclipse.m2e.logback.configuration [1.16.3.20211002-1029]
[2021-12-26 09:42:54] Installing org.eclipse.m2e.logback.feature.feature.group [1.17.2.20211002-1029]
[2021-12-26 09:42:54] Installing org.eclipse.m2e.logback.feature.feature.jar [1.17.2.20211002-1029]
[2021-12-26 09:42:54] Installing org.eclipse.m2e.maven.indexer [1.18.1.20211011-2139]
[2021-12-26 09:42:54] Installing org.eclipse.m2e.maven.runtime [1.18.1.20211011-2139]
[2021-12-26 09:42:54] Installing org.eclipse.m2e.maven.runtime.slf4j.simple [1.18.1.20211008-0657]
[2021-12-26 09:42:54] Installing org.eclipse.m2e.model.edit [1.18.2.20211002-1029]
[2021-12-26 09:42:54] Installing org.eclipse.m2e.profiles.core [1.17.2.20211115-0834]
[2021-12-26 09:42:54] Installing org.eclipse.m2e.profiles.ui [1.17.3.20211002-1029]
[2021-12-26 09:42:54] Installing org.eclipse.m2e.refactoring [1.17.3.20211002-1029]
[2021-12-26 09:42:54] Installing org.eclipse.m2e.scm [1.17.2.20210603-1006]
[2021-12-26 09:42:54] Installing org.eclipse.m2e.sourcelookup [1.17.4.20211002-1029]
[2021-12-26 09:42:54] Installing org.eclipse.m2e.sourcelookup.ui [1.17.3.20211002-1029]
[2021-12-26 09:42:54] Installing org.eclipse.m2e.workspace.cli [0.3.1]
[2021-12-26 09:42:54] Installing org.eclipse.mylyn.wikitext [3.0.41.20211110231712]
[2021-12-26 09:42:54] Installing org.eclipse.mylyn.wikitext.ant [3.0.41.20211110231712]
[2021-12-26 09:42:54] Installing org.eclipse.mylyn.wikitext.asciidoc [3.0.41.20211110231712]
[2021-12-26 09:42:54] Installing org.eclipse.mylyn.wikitext.asciidoc.ui [3.0.41.202111102318]
[2021-12-26 09:42:54] Installing org.eclipse.mylyn.wikitext.confluence [3.0.41.20211110231712]
[2021-12-26 09:42:54] Installing org.eclipse.mylyn.wikitext.confluence.ui [3.0.41.202111102318]
[2021-12-26 09:42:54] Installing org.eclipse.mylyn.wikitext.editors_feature.feature.group [3.0.41.202111102318]
[2021-12-26 09:42:54] Installing org.eclipse.mylyn.wikitext.editors_feature.feature.jar [3.0.41.202111102318]
[2021-12-26 09:42:54] Installing org.eclipse.mylyn.wikitext.help.ui [3.0.41.202111102318]
[2021-12-26 09:42:54] Installing org.eclipse.mylyn.wikitext.html [3.0.41.20211110231712]
[2021-12-26 09:42:54] Installing org.eclipse.mylyn.wikitext.markdown [3.0.41.20211110231712]
[2021-12-26 09:42:54] Installing org.eclipse.mylyn.wikitext.markdown.ui [3.0.41.202111102318]
[2021-12-26 09:42:54] Installing org.eclipse.mylyn.wikitext.mediawiki [3.0.41.20211110231712]
[2021-12-26 09:42:54] Installing org.eclipse.mylyn.wikitext.mediawiki.ui [3.0.41.202111102318]
[2021-12-26 09:42:54] Installing org.eclipse.mylyn.wikitext.osgi [3.0.41.202111102318]
[2021-12-26 09:42:54] Installing org.eclipse.mylyn.wikitext.textile [3.0.41.20211110231712]
[2021-12-26 09:42:54] Installing org.eclipse.mylyn.wikitext.textile.ui [3.0.41.202111102318]
[2021-12-26 09:42:54] Installing org.eclipse.mylyn.wikitext.tracwiki [3.0.41.20211110231712]
[2021-12-26 09:42:54] Installing org.eclipse.mylyn.wikitext.tracwiki.ui [3.0.41.202111102318]
[2021-12-26 09:42:54] Installing org.eclipse.mylyn.wikitext.twiki [3.0.41.20211110231712]
[2021-12-26 09:42:54] Installing org.eclipse.mylyn.wikitext.twiki.ui [3.0.41.202111102318]
[2021-12-26 09:42:54] Installing org.eclipse.mylyn.wikitext.ui [3.0.41.202111102318]
[2021-12-26 09:42:54] Installing org.eclipse.nebula.widgets.tablecombo [1.2.0.202111181749]
[2021-12-26 09:42:54] Installing org.eclipse.oomph.base [1.15.0.v20211026-1304]
[2021-12-26 09:42:54] Installing org.eclipse.oomph.base.edit [1.13.0.v20200720-0841]
[2021-12-26 09:42:54] Installing org.eclipse.oomph.extractor.lib [1.9.0.v20211026-1304]
[2021-12-26 09:42:54] Installing org.eclipse.oomph.jreinfo [1.15.0.v20211026-1326]
[2021-12-26 09:42:54] Installing org.eclipse.oomph.jreinfo.ui [1.13.0.v20211026-1304]
[2021-12-26 09:42:54] Installing org.eclipse.oomph.jreinfo.win32.x86_64 [1.7.0.v20191107-1011]
[2021-12-26 09:42:54] Installing org.eclipse.oomph.p2 [1.15.0.v20210924-1427]
[2021-12-26 09:42:54] Installing org.eclipse.oomph.p2.core [1.20.0.v20211015-0620]
[2021-12-26 09:42:54] Installing org.eclipse.oomph.p2.doc [1.12.0.v20211116-0849]
[2021-12-26 09:42:54] Installing org.eclipse.oomph.p2.edit [1.15.0.v20211116-0849]
[2021-12-26 09:42:54] Installing org.eclipse.oomph.p2.feature.group [1.21.0.v20211116-0849]
[2021-12-26 09:42:54] Installing org.eclipse.oomph.p2.feature.jar [1.21.0.v20211116-0849]
[2021-12-26 09:42:54] Installing org.eclipse.oomph.p2.ui [1.17.0.v20210618-0629]
[2021-12-26 09:42:54] Installing org.eclipse.oomph.predicates [1.13.0.v20211007-0506]
[2021-12-26 09:42:54] Installing org.eclipse.oomph.predicates.edit [1.11.0.v20200624-1156]
[2021-12-26 09:42:54] Installing org.eclipse.oomph.preferences [1.12.0.v20200624-1156]
[2021-12-26 09:42:54] Installing org.eclipse.oomph.resources [1.15.0.v20210211-0559]
[2021-12-26 09:42:54] Installing org.eclipse.oomph.resources.edit [1.11.0.v20200624-1156]
[2021-12-26 09:42:54] Installing org.eclipse.oomph.setup [1.22.0.v20211015-0620]
[2021-12-26 09:42:54] Installing org.eclipse.oomph.setup.core [1.22.0.v20211021-1010]
[2021-12-26 09:42:54] Installing org.eclipse.oomph.setup.core.feature.group [1.22.0.v20211026-1326]
[2021-12-26 09:42:54] Installing org.eclipse.oomph.setup.core.feature.jar [1.22.0.v20211026-1326]
[2021-12-26 09:42:54] Installing org.eclipse.oomph.setup.doc [1.12.0.v20211107-0906]
[2021-12-26 09:42:54] Installing org.eclipse.oomph.setup.edit [1.15.0.v20200624-1156]
[2021-12-26 09:42:54] Installing org.eclipse.oomph.setup.editor [1.20.0.v20211116-0849]
[2021-12-26 09:42:54] Installing org.eclipse.oomph.setup.feature.group [1.23.0.v20211116-0849]
[2021-12-26 09:42:54] Installing org.eclipse.oomph.setup.feature.jar [1.23.0.v20211116-0849]
[2021-12-26 09:42:54] Installing org.eclipse.oomph.setup.p2 [1.17.0.v20210601-0619]
[2021-12-26 09:42:54] Installing org.eclipse.oomph.setup.p2.edit [1.13.0.v20200624-1156]
[2021-12-26 09:42:54] Installing org.eclipse.oomph.setup.sync [1.13.0.v20200624-1156]
[2021-12-26 09:42:54] Installing org.eclipse.oomph.setup.ui [1.22.0.v20211116-0849]
[2021-12-26 09:42:54] Installing org.eclipse.oomph.setup.ui.questionnaire [1.12.0.v20200624-1156]
[2021-12-26 09:42:54] Installing org.eclipse.oomph.ui [1.15.0.v20210926-1052]
[2021-12-26 09:42:54] Installing org.eclipse.oomph.util [1.17.0.v20211026-1326]
[2021-12-26 09:42:54] Installing org.eclipse.oomph.workingsets [1.11.0.v20200624-1156]
[2021-12-26 09:42:54] Installing org.eclipse.oomph.workingsets.edit [1.11.0.v20200624-1156]
[2021-12-26 09:42:54] Installing org.eclipse.oomph.workingsets.editor [1.12.0.v20200624-1156]
[2021-12-26 09:42:54] Installing org.eclipse.osgi [3.17.100.v20211104-1730]
[2021-12-26 09:42:54] Installing org.eclipse.osgi.compatibility.state [1.2.500.v20210730-0750]
[2021-12-26 09:42:54] Installing org.eclipse.osgi.services [3.10.200.v20210723-0643]
[2021-12-26 09:42:54] Installing org.eclipse.osgi.util [3.6.100.v20210723-1119]
[2021-12-26 09:42:54] Installing org.eclipse.platform [4.22.0.v20211124-1800]
[2021-12-26 09:42:54] Installing org.eclipse.platform.doc.user [4.22.0.v20211123-1648]
[2021-12-26 09:42:54] Installing org.eclipse.platform.feature.group [4.22.0.v20211124-1800]
[2021-12-26 09:42:54] Installing org.eclipse.platform.feature.jar [4.22.0.v20211124-1800]
[2021-12-26 09:42:54] Installing org.eclipse.platform.ide [4.22.0.I20211124-1800]
[2021-12-26 09:42:54] Installing org.eclipse.platform.ide.executable.win32.win32.x86_64 [4.22.0.I20211124-1800]
[2021-12-26 09:42:54] Installing org.eclipse.platform.ide.executable.win32.win32.x86_64.eclipse [4.22.0.I20211124-1800]
[2021-12-26 09:42:54] Installing org.eclipse.platform_root [4.22.0.v20211124-1800]
[2021-12-26 09:42:55] Installing org.eclipse.rcp [4.22.0.v20211124-1800]
[2021-12-26 09:42:55] Installing org.eclipse.rcp.feature.group [4.22.0.v20211124-1800]
[2021-12-26 09:42:55] Installing org.eclipse.rcp.feature.jar [4.22.0.v20211124-1800]
[2021-12-26 09:42:55] Installing org.eclipse.rcp_root [4.22.0.v20211124-1800]
[2021-12-26 09:42:55] Installing org.eclipse.search [3.14.0.v20211108-0804]
[2021-12-26 09:42:55] Installing org.eclipse.swt [3.118.0.v20211123-0851]
[2021-12-26 09:42:55] Installing org.eclipse.swt.win32.win32.x86_64 [3.118.0.v20211123-0851]
[2021-12-26 09:42:55] Installing org.eclipse.team.core [3.9.200.v20211013-1022]
[2021-12-26 09:42:55] Installing org.eclipse.team.genericeditor.diff.extension [1.1.0.v20210426-0951]
[2021-12-26 09:42:55] Installing org.eclipse.team.ui [3.9.100.v20210721-1306]
[2021-12-26 09:42:55] Installing org.eclipse.text [3.12.0.v20210512-1644]
[2021-12-26 09:42:55] Installing org.eclipse.text.quicksearch [1.1.200.v20210616-1255]
[2021-12-26 09:42:55] Installing org.eclipse.tips.core [0.2.0.v20210317-2216]
[2021-12-26 09:42:55] Installing org.eclipse.tips.feature.feature.group [0.2.1600.v20211106-0839]
[2021-12-26 09:42:55] Installing org.eclipse.tips.feature.feature.jar [0.2.1600.v20211106-0839]
[2021-12-26 09:42:55] Installing org.eclipse.tips.ide [0.2.0.v20201120-1551]
[2021-12-26 09:42:55] Installing org.eclipse.tips.json [0.2.100.v20210309-1310]
[2021-12-26 09:42:55] Installing org.eclipse.tips.ui [0.2.0.v20210317-2216]
[2021-12-26 09:42:55] Installing org.eclipse.tm.terminal.connector.local [4.7.200.202106171937]
[2021-12-26 09:42:55] Installing org.eclipse.tm.terminal.connector.local.feature.feature.group [10.5.0.202109270023]
[2021-12-26 09:42:55] Installing org.eclipse.tm.terminal.connector.local.feature.feature.jar [10.5.0.202109270023]
[2021-12-26 09:42:55] Installing org.eclipse.tm.terminal.connector.process [4.8.0.202105240430]
[2021-12-26 09:42:55] Installing org.eclipse.tm.terminal.connector.ssh [4.7.100.202104042017]
[2021-12-26 09:42:55] Installing org.eclipse.tm.terminal.connector.ssh.feature.feature.group [10.5.0.202109270023]
[2021-12-26 09:42:55] Installing org.eclipse.tm.terminal.connector.ssh.feature.feature.jar [10.5.0.202109270023]
[2021-12-26 09:42:55] Installing org.eclipse.tm.terminal.connector.telnet [4.7.100.202010121414]
[2021-12-26 09:42:55] Installing org.eclipse.tm.terminal.connector.telnet.feature.feature.group [10.5.0.202109270023]
[2021-12-26 09:42:55] Installing org.eclipse.tm.terminal.connector.telnet.feature.feature.jar [10.5.0.202109270023]
[2021-12-26 09:42:55] Installing org.eclipse.tm.terminal.control [5.3.0.202107100131]
[2021-12-26 09:42:55] Installing org.eclipse.tm.terminal.control.feature.feature.group [10.5.0.202109270023]
[2021-12-26 09:42:55] Installing org.eclipse.tm.terminal.control.feature.feature.jar [10.5.0.202109270023]
[2021-12-26 09:42:55] Installing org.eclipse.tm.terminal.feature.feature.group [10.5.0.202109270023]
[2021-12-26 09:42:55] Installing org.eclipse.tm.terminal.feature.feature.jar [10.5.0.202109270023]
[2021-12-26 09:42:55] Installing org.eclipse.tm.terminal.view.core [4.8.100.202110051557]
[2021-12-26 09:42:55] Installing org.eclipse.tm.terminal.view.feature.feature.group [10.5.0.202110140133]
[2021-12-26 09:42:55] Installing org.eclipse.tm.terminal.view.feature.feature.jar [10.5.0.202110140133]
[2021-12-26 09:42:55] Installing org.eclipse.tm.terminal.view.ui [4.10.100.202110140133]
[2021-12-26 09:42:55] Installing org.eclipse.tm4e.core [0.4.3.202110141401]
[2021-12-26 09:42:55] Installing org.eclipse.tm4e.registry [0.5.0.202111180858]
[2021-12-26 09:42:55] Installing org.eclipse.tm4e.ui [0.5.0.202111180858]
[2021-12-26 09:42:55] Installing org.eclipse.ui [3.200.0.v20211026-0701]
[2021-12-26 09:42:55] Installing org.eclipse.ui.browser [3.7.100.v20211105-1434]
[2021-12-26 09:42:55] Installing org.eclipse.ui.cheatsheets [3.7.300.v20210507-0822]
[2021-12-26 09:42:55] Installing org.eclipse.ui.console [3.11.100.v20210721-1355]
[2021-12-26 09:42:55] Installing org.eclipse.ui.editors [3.14.300.v20210913-0815]
[2021-12-26 09:42:55] Installing org.eclipse.ui.externaltools [3.5.100.v20210812-1118]
[2021-12-26 09:42:55] Installing org.eclipse.ui.forms [3.11.300.v20211022-1451]
[2021-12-26 09:42:55] Installing org.eclipse.ui.genericeditor [1.2.100.v20211021-1148]
[2021-12-26 09:42:55] Installing org.eclipse.ui.ide [3.18.400.v20211026-0701]
[2021-12-26 09:42:55] Installing org.eclipse.ui.ide.application [1.4.200.v20211026-0701]
[2021-12-26 09:42:55] Installing org.eclipse.ui.intro [3.6.400.v20211015-1317]
[2021-12-26 09:42:55] Installing org.eclipse.ui.intro.quicklinks [1.1.100.v20210315-0954]
[2021-12-26 09:42:55] Installing org.eclipse.ui.intro.universal [3.4.200.v20210409-1747]
[2021-12-26 09:42:55] Installing org.eclipse.ui.monitoring [1.2.0.v20210111-1353]
[2021-12-26 09:42:55] Installing org.eclipse.ui.navigator [3.10.200.v20211009-1706]
[2021-12-26 09:42:55] Installing org.eclipse.ui.navigator.resources [3.8.300.v20210914-2004]
[2021-12-26 09:42:55] Installing org.eclipse.ui.net [1.4.0.v20210426-0838]
[2021-12-26 09:42:55] Installing org.eclipse.ui.themes [1.2.1600.v20211001-1357]
[2021-12-26 09:42:55] Installing org.eclipse.ui.views [3.11.100.v20210816-0811]
[2021-12-26 09:42:55] Installing org.eclipse.ui.views.log [1.3.100.v20210927-1100]
[2021-12-26 09:42:55] Installing org.eclipse.ui.views.properties.tabbed [3.9.100.v20201223-1348]
[2021-12-26 09:42:55] Installing org.eclipse.ui.win32 [3.4.400.v20200414-1247]
[2021-12-26 09:42:55] Installing org.eclipse.ui.workbench [3.124.0.v20211116-0651]
[2021-12-26 09:42:55] Installing org.eclipse.ui.workbench.texteditor [3.16.300.v20211119-1032]
[2021-12-26 09:42:55] Installing org.eclipse.update.configurator [3.4.800.v20210415-1314]
[2021-12-26 09:42:55] Installing org.eclipse.urischeme [1.2.100.v20211001-1648]
[2021-12-26 09:42:55] Installing org.eclipse.userstorage [1.2.0.v20210517-0327]
[2021-12-26 09:42:55] Installing org.eclipse.userstorage.feature.group [1.2.0.v20210517-0327]
[2021-12-26 09:42:55] Installing org.eclipse.userstorage.feature.jar [1.2.0.v20210517-0327]
[2021-12-26 09:42:55] Installing org.eclipse.userstorage.oauth [1.1.0.v20190307-0457]
[2021-12-26 09:42:55] Installing org.eclipse.userstorage.ui [1.1.0.v20190307-0457]
[2021-12-26 09:42:55] Installing org.eclipse.wildwebdeveloper.xml [0.13.1.202111081705]
[2021-12-26 09:42:55] Installing org.eclipse.wildwebdeveloper.xml.feature.feature.group [0.13.1.202111081705]
[2021-12-26 09:42:55] Installing org.eclipse.wildwebdeveloper.xml.feature.feature.jar [0.13.1.202111081705]
[2021-12-26 09:42:55] Installing org.eclipse.wst.common.core [1.4.100.v202103232321]
[2021-12-26 09:42:55] Installing org.eclipse.wst.common.emf [1.2.700.v202007161535]
[2021-12-26 09:42:55] Installing org.eclipse.wst.common.environment [1.0.401.v202007142017]
[2021-12-26 09:42:55] Installing org.eclipse.wst.common.frameworks [1.2.202.v202108200212]
[2021-12-26 09:42:55] Installing org.eclipse.wst.common.uriresolver [1.3.0.v202007161535]
[2021-12-26 09:42:55] Installing org.eclipse.wst.sse.core [1.2.700.v202107272335]
[2021-12-26 09:42:55] Installing org.eclipse.wst.xml.core [1.2.400.v202107272335]
[2021-12-26 09:42:55] Installing org.eclipse.xtext.xbase.lib [2.25.0.v20210301-0821]
[2021-12-26 09:42:55] Installing org.gradle.toolingapi [6.8.0.v20210113-0929]
[2021-12-26 09:42:55] Installing org.hamcrest.core [1.3.0.v20180420-1519]
[2021-12-26 09:42:55] Installing org.jacoco.agent [0.8.7.v20210625-1418]
[2021-12-26 09:42:55] Installing org.jacoco.core [0.8.7.v20210625-1418]
[2021-12-26 09:42:55] Installing org.jacoco.report [0.8.7.v20210625-1418]
[2021-12-26 09:42:55] Installing org.jcodings [1.0.18.v20170306-1742]
[2021-12-26 09:42:55] Installing org.joni [2.1.11.v20170306-1742]
[2021-12-26 09:42:55] Installing org.jsoup [1.14.3.v20211012-1727]
[2021-12-26 09:42:55] Installing org.junit [4.13.2.v20211018-1956]
[2021-12-26 09:42:55] Installing org.junit.jupiter.api [5.8.1.v20211018-1956]
[2021-12-26 09:42:55] Installing org.junit.jupiter.engine [5.8.1.v20211018-1956]
[2021-12-26 09:42:55] Installing org.junit.jupiter.migrationsupport [5.8.1.v20211018-1956]
[2021-12-26 09:42:55] Installing org.junit.jupiter.params [5.8.1.v20211018-1956]
[2021-12-26 09:42:55] Installing org.junit.platform.commons [1.8.1.v20211018-1956]
[2021-12-26 09:42:55] Installing org.junit.platform.engine [1.8.1.v20211018-1956]
[2021-12-26 09:42:55] Installing org.junit.platform.launcher [1.8.1.v20211018-1956]
[2021-12-26 09:42:55] Installing org.junit.platform.runner [1.8.1.v20211018-1956]
[2021-12-26 09:42:55] Installing org.junit.platform.suite.api [1.8.1.v20211018-1956]
[2021-12-26 09:42:55] Installing org.junit.platform.suite.commons [1.8.1.v20211018-1956]
[2021-12-26 09:42:55] Installing org.junit.platform.suite.engine [1.8.1.v20211028-1957]
[2021-12-26 09:42:55] Installing org.junit.vintage.engine [5.8.1.v20211018-1956]
[2021-12-26 09:42:55] Installing org.maven.ide.eclipse [1.19.0.20211116-0804]
[2021-12-26 09:42:55] Installing org.objectweb.asm [9.1.0.v20210209-1849]
[2021-12-26 09:42:55] Installing org.objectweb.asm.commons [9.1.0.v20210209-1849]
[2021-12-26 09:42:55] Installing org.objectweb.asm.tree [9.1.0.v20210209-1849]
[2021-12-26 09:42:55] Installing org.opentest4j [1.2.0.v20211018-1956]
[2021-12-26 09:42:55] Installing org.sat4j.core [2.3.5.v201308161310]
[2021-12-26 09:42:55] Installing org.sat4j.pb [2.3.5.v201404071733]
[2021-12-26 09:42:55] Installing org.slf4j.api [1.7.30.v20200204-2150]
[2021-12-26 09:42:55] Installing org.tukaani.xz [1.9.0.v20210624-1259]
[2021-12-26 09:42:55] Installing org.w3c.css.sac [1.3.1.v200903091627]
[2021-12-26 09:42:55] Installing org.w3c.dom.events [3.0.0.draft20060413_v201105210656]
[2021-12-26 09:42:55] Installing org.w3c.dom.smil [1.0.1.v200903091627]
[2021-12-26 09:42:55] Installing org.w3c.dom.svg [1.1.0.v201011041433]
[2021-12-26 09:42:55] Installing tooling.org.eclipse.update.feature.default [1.0.0]
[2021-12-26 09:42:55] Installing tooling.osgi.bundle.default [1.0.0]
[2021-12-26 09:42:55] Installing tooling.source.default [1.0.0]
[2021-12-26 09:42:55] Installing toolingepp.package.java.application [4.22.0.20211202-1200]
[2021-12-26 09:42:55] Installing toolingepp.package.java.config.win32.win32.x86_64 [4.22.0.20211202-1200]
[2021-12-26 09:42:55] Installing toolingepp.package.java.configuration [4.22.0.20211202-1200]
[2021-12-26 09:42:55] Installing toolingepp.package.java.executable.win32.win32.x86_64 [4.22.0.20211202-1200]
[2021-12-26 09:42:55] Installing toolingepp.package.java.ini.win32.win32.x86_64 [4.22.0.20211202-1200]
[2021-12-26 09:42:55] Installing toolingorg.eclipse.equinox.launcher [1.6.400.v20210924-0641]
[2021-12-26 09:42:55] Installing toolingorg.eclipse.equinox.launcher.win32.win32.x86_64 [1.2.400.v20211117-0650]
[2021-12-26 09:42:55] Installing toolingorg.eclipse.platform.configuration [1.0.0]
[2021-12-26 09:42:55] Installing toolingorg.eclipse.platform.ide.application [4.22.0.I20211124-1800]
[2021-12-26 09:42:55] Installing toolingorg.eclipse.platform.ide.config.win32.win32.x86_64 [4.22.0.I20211124-1800]
[2021-12-26 09:42:55] Installing toolingorg.eclipse.platform.ide.configuration [4.22.0.I20211124-1800]
[2021-12-26 09:42:55] Installing toolingorg.eclipse.platform.ide.executable.win32.win32.x86_64 [4.22.0.I20211124-1800]
[2021-12-26 09:42:55] Installing toolingorg.eclipse.platform.ide.ini.win32.win32.x86_64 [4.22.0.I20211124-1800]
[2021-12-26 09:42:55] Installing toolingwin32.win32.x86_64org.apache.felix.scr [4.22.0.I20211124-1800]
[2021-12-26 09:42:55] Installing toolingwin32.win32.x86_64org.eclipse.core.runtime [4.22.0.I20211124-1800]
[2021-12-26 09:42:55] Installing toolingwin32.win32.x86_64org.eclipse.equinox.common [4.22.0.I20211124-1800]
[2021-12-26 09:42:55] Installing toolingwin32.win32.x86_64org.eclipse.equinox.event [4.22.0.I20211124-1800]
[2021-12-26 09:42:55] Installing toolingwin32.win32.x86_64org.eclipse.equinox.p2.reconciler.dropins [4.22.0.I20211124-1800]
[2021-12-26 09:42:55] Installing toolingwin32.win32.x86_64org.eclipse.equinox.simpleconfigurator [4.22.0.I20211124-1800]
[2021-12-26 09:42:55] Preparing to commit the provisioning operation.
[2021-12-26 09:42:56] Committing the provisioning operation.
[2021-12-26 09:42:57] Performing Eclipse Ini --launcher.appendVmargs
[2021-12-26 09:42:57] Performing Eclipse Ini -Declipse.p2.max.threads=10
[2021-12-26 09:42:57] Changing E:\03 Semester\Java\installs\java-2021-12\eclipse\eclipse.ini (-Declipse.p2.max.threads=10)
[2021-12-26 09:42:57] Performing Eclipse Ini -Doomph.update.url=https://download.eclipse.org/oomph/updates/milestone/latest
[2021-12-26 09:42:57] Changing E:\03 Semester\Java\installs\java-2021-12\eclipse\eclipse.ini (-Doomph.update.url=https://download.eclipse.org/oomph/updates/milestone/latest)
[2021-12-26 09:42:57] Performing Eclipse Ini -Doomph.redirection.index.redirection=index:/->http://git.eclipse.org/c/oomph/org.eclipse.oomph.git/plain/setups/
[2021-12-26 09:42:57] Changing E:\03 Semester\Java\installs\java-2021-12\eclipse\eclipse.ini (-Doomph.redirection.index.redirection=index:/->http://git.eclipse.org/c/oomph/org.eclipse.oomph.git/plain/setups/)
[2021-12-26 09:42:57] Performing Eclipse Ini --add-opens=java.base/java.lang=ALL-UNNAMED
[2021-12-26 09:42:57] Changing E:\03 Semester\Java\installs\java-2021-12\eclipse\eclipse.ini (--add-opens=java.base/java.lang=ALL-UNNAMED)
[2021-12-26 09:42:58] Performing post bootstrap tasks
[2021-12-26 09:42:58] 
